Using pre-set license
Built from '2020.2/release' branch; Version is '2020.2.2f1 (068178b99f32) revision 426360'; Using compiler version '192528614'; Build Type 'Release'
OS: 'Windows 10 Home; OS build 19041.1052; Version 2004; 64bit' Language: 'ja' Physical Memory: 15776 MB
BatchMode: 1, IsHumanControllingUs: 0, StartBugReporterOnCrash: 0, Is64bit: 1, IsPro: 0

 COMMAND LINE ARGUMENTS:
C:\Program Files\Unity\Editor\Unity.exe
-adb2
-batchMode
-noUpm
-name
AssetImportWorker0
-projectPath
C:/Users/wsx00/Desktop/dev/unity/Agw_Proto2
-logFile
Logs/AssetImportWorker0.log
-srvPort
56422
Successfully changed project path to: C:/Users/wsx00/Desktop/dev/unity/Agw_Proto2
C:/Users/wsx00/Desktop/dev/unity/Agw_Proto2
Using Asset Import Pipeline V2.
Refreshing native plugins compatible for Editor in 23.87 ms, found 0 plugins.
Preloading 0 native plugins for Editor in 0.00 ms.
Initialize engine version: 2020.2.2f1 (068178b99f32)
[Subsystems] Discovering subsystems at path C:/Program Files/Unity/Editor/Data/Resources/UnitySubsystems
[Subsystems] Discovering subsystems at path C:/Users/wsx00/Desktop/dev/unity/Agw_Proto2/Assets
GfxDevice: creating device client; threaded=0
Direct3D:
    Version:  Direct3D 11.0 [level 11.1]
    Renderer: NVIDIA GeForce GTX 1650 with Max-Q Design (ID=0x1f9d)
    Vendor:   
    VRAM:     3962 MB
    Driver:   27.21.14.6173
Initialize mono
Mono path[0] = 'C:/Program Files/Unity/Editor/Data/Managed'
Mono path[1] = 'C:/Program Files/Unity/Editor/Data/MonoBleedingEdge/lib/mono/unityjit'
Mono config path = 'C:/Program Files/Unity/Editor/Data/MonoBleedingEdge/etc'
Using monoOptions --debugger-agent=transport=dt_socket,embedding=1,server=y,suspend=n,address=127.0.0.1:56480
Begin MonoManager ReloadAssembly
Registering precompiled unity dll's ...
Register platform support module: C:/Program Files/Unity/Editor/Data/PlaybackEngines/WindowsStandaloneSupport/UnityEditor.WindowsStandalone.Extensions.dll
Registered in 0.001920 seconds.
Native extension for WindowsStandalone target not found
Refreshing native plugins compatible for Editor in 23.81 ms, found 0 plugins.
Preloading 0 native plugins for Editor in 0.00 ms.
Invoked RoslynAnalysisRunner static constructor.
RoslynAnalysisRunner will not be running.
RoslynAnalysisRunner has terminated.
Mono: successfully reloaded assembly
- Completed reload, in  0.851 seconds
Platform modules already initialized, skipping
Registering precompiled user dll's ...
Registered in 0.000804 seconds.
Begin MonoManager ReloadAssembly
Native extension for WindowsStandalone target not found
Refreshing native plugins compatible for Editor in 0.39 ms, found 0 plugins.
Preloading 0 native plugins for Editor in 0.00 ms.
Invoked RoslynAnalysisRunner static constructor.
RoslynAnalysisRunner will not be running.
RoslynAnalysisRunner has terminated.
Mono: successfully reloaded assembly
- Completed reload, in  0.586 seconds
Platform modules already initialized, skipping
========================================================================
Worker process is ready to serve import requests
Launched and connected shader compiler UnityShaderCompiler.exe after 0.04 seconds
Refreshing native plugins compatible for Editor in 0.40 ms, found 0 plugins.
Preloading 0 native plugins for Editor in 0.00 ms.
Unloading 1221 Unused Serialized files (Serialized files now loaded: 0)
System memory in use before: 150.2 MB.
System memory in use after: 150.3 MB.

Unloading 9 unused Assets to reduce memory usage. Loaded Objects now: 1696.
Total: 1.868500 ms (FindLiveObjects: 0.184000 ms CreateObjectMapping: 0.035500 ms MarkObjects: 1.515000 ms  DeleteObjects: 0.132700 ms)

========================================================================
Received Import Request.
  path: Assets/OriginalData/sphere 1.fbx
  artifactKey: Guid(3316d39e08c434148a992999660adfe9) Importer(815301076,1909f56bfc062723c751e8b465ee728b)
Start importing Assets/OriginalData/sphere 1.fbx using Guid(3316d39e08c434148a992999660adfe9) Importer(815301076,1909f56bfc062723c751e8b465ee728b)  -> (artifact id: '2d593ad143322c8fa89a56ef8f18dfe0') in 0.127644 seconds
  Import took 0.130103 seconds .

========================================================================
Received Import Request.
  Time since last request: 20.261760 seconds.
  path: Assets/OriginalData/sphere 1.fbx
  artifactKey: Guid(3316d39e08c434148a992999660adfe9) Importer(815301076,1909f56bfc062723c751e8b465ee728b)
Start importing Assets/OriginalData/sphere 1.fbx using Guid(3316d39e08c434148a992999660adfe9) Importer(815301076,1909f56bfc062723c751e8b465ee728b)  -> (artifact id: '642e2c85aed0183c06bd26a0e149e54d') in 0.027396 seconds
  Import took 0.030008 seconds .

========================================================================
Received Import Request.
  Time since last request: 0.000182 seconds.
  path: Assets/OriginalData/SphereTexture.jpg
  artifactKey: Guid(cc1ceefc6d7d7804ea73113553315437) Importer(815301076,1909f56bfc062723c751e8b465ee728b)
Start importing Assets/OriginalData/SphereTexture.jpg using Guid(cc1ceefc6d7d7804ea73113553315437) Importer(815301076,1909f56bfc062723c751e8b465ee728b)  -> (artifact id: 'a265d30a0f3a2b1593e71ae894690a4c') in 0.019319 seconds
  Import took 0.021137 seconds .

========================================================================
Received Prepare
Registering precompiled user dll's ...
Registered in 0.000906 seconds.
Begin MonoManager ReloadAssembly
Native extension for WindowsStandalone target not found
Refreshing native plugins compatible for Editor in 0.39 ms, found 0 plugins.
Preloading 0 native plugins for Editor in 0.00 ms.
Invoked RoslynAnalysisRunner static constructor.
RoslynAnalysisRunner will not be running.
RoslynAnalysisRunner has terminated.
Mono: successfully reloaded assembly
- Completed reload, in  0.537 seconds
Platform modules already initialized, skipping
Refreshing native plugins compatible for Editor in 0.39 ms, found 0 plugins.
Preloading 0 native plugins for Editor in 0.00 ms.
Unloading 1200 Unused Serialized files (Serialized files now loaded: 0)
System memory in use before: 153.5 MB.
System memory in use after: 153.6 MB.

Unloading 4 unused Assets to reduce memory usage. Loaded Objects now: 1742.
Total: 2.242700 ms (FindLiveObjects: 0.308500 ms CreateObjectMapping: 0.051800 ms MarkObjects: 1.866500 ms  DeleteObjects: 0.014300 ms)

========================================================================
Received Import Request.
  Time since last request: 44.340247 seconds.
  path: Assets/OriginalData/sphere.fbx
  artifactKey: Guid(3b3db2ccd66bd9944931964cb925beda) Importer(815301076,1909f56bfc062723c751e8b465ee728b)
Start importing Assets/OriginalData/sphere.fbx using Guid(3b3db2ccd66bd9944931964cb925beda) Importer(815301076,1909f56bfc062723c751e8b465ee728b)  -> (artifact id: 'bc893c830a4ff9faf3fc4d3ba8cb33ec') in 0.076293 seconds
  Import took 0.078721 seconds .

========================================================================
Received Prepare
Registering precompiled user dll's ...
Registered in 0.001040 seconds.
Begin MonoManager ReloadAssembly
Native extension for WindowsStandalone target not found
Refreshing native plugins compatible for Editor in 0.40 ms, found 0 plugins.
Preloading 0 native plugins for Editor in 0.00 ms.
Invoked RoslynAnalysisRunner static constructor.
RoslynAnalysisRunner will not be running.
RoslynAnalysisRunner has terminated.
Mono: successfully reloaded assembly
- Completed reload, in  0.563 seconds
Platform modules already initialized, skipping
Refreshing native plugins compatible for Editor in 0.39 ms, found 0 plugins.
Preloading 0 native plugins for Editor in 0.00 ms.
Unloading 1200 Unused Serialized files (Serialized files now loaded: 0)
System memory in use before: 153.5 MB.
System memory in use after: 153.6 MB.

Unloading 4 unused Assets to reduce memory usage. Loaded Objects now: 1745.
Total: 1.633600 ms (FindLiveObjects: 0.209200 ms CreateObjectMapping: 0.039300 ms MarkObjects: 1.373000 ms  DeleteObjects: 0.011100 ms)

========================================================================
Received Prepare
Registering precompiled user dll's ...
Registered in 0.001314 seconds.
Begin MonoManager ReloadAssembly
Native extension for WindowsStandalone target not found
Refreshing native plugins compatible for Editor in 0.40 ms, found 0 plugins.
Preloading 0 native plugins for Editor in 0.00 ms.
Invoked RoslynAnalysisRunner static constructor.
RoslynAnalysisRunner will not be running.
RoslynAnalysisRunner has terminated.
Mono: successfully reloaded assembly
- Completed reload, in  0.550 seconds
Platform modules already initialized, skipping
Refreshing native plugins compatible for Editor in 0.40 ms, found 0 plugins.
Preloading 0 native plugins for Editor in 0.00 ms.
Unloading 1200 Unused Serialized files (Serialized files now loaded: 0)
System memory in use before: 153.5 MB.
System memory in use after: 153.6 MB.

Unloading 4 unused Assets to reduce memory usage. Loaded Objects now: 1747.
Total: 1.786200 ms (FindLiveObjects: 0.215700 ms CreateObjectMapping: 0.058700 ms MarkObjects: 1.496000 ms  DeleteObjects: 0.015000 ms)

========================================================================
Received Import Request.
  Time since last request: 961.702088 seconds.
  path: Assets/OriginalData/ark.fbx
  artifactKey: Guid(c351ad0f3a461dd488422876cd72fbdb) Importer(815301076,1909f56bfc062723c751e8b465ee728b)
Start importing Assets/OriginalData/ark.fbx using Guid(c351ad0f3a461dd488422876cd72fbdb) Importer(815301076,1909f56bfc062723c751e8b465ee728b)  -> (artifact id: 'd8c7810d4767ffc13414bc6319be0e2c') in 0.070102 seconds
  Import took 0.072516 seconds .

========================================================================
Received Import Request.
  Time since last request: 0.000170 seconds.
  path: Assets/OriginalData/ArkTexture.png
  artifactKey: Guid(07b95712e24d552478656f8c2cf0a257) Importer(815301076,1909f56bfc062723c751e8b465ee728b)
Start importing Assets/OriginalData/ArkTexture.png using Guid(07b95712e24d552478656f8c2cf0a257) Importer(815301076,1909f56bfc062723c751e8b465ee728b)  -> (artifact id: 'd933020b647fa5e69938ac9772503688') in 0.012776 seconds
  Import took 0.014556 seconds .

========================================================================
Received Prepare
Registering precompiled user dll's ...
Registered in 0.000760 seconds.
Begin MonoManager ReloadAssembly
Native extension for WindowsStandalone target not found
Refreshing native plugins compatible for Editor in 0.39 ms, found 0 plugins.
Preloading 0 native plugins for Editor in 0.00 ms.
Invoked RoslynAnalysisRunner static constructor.
RoslynAnalysisRunner will not be running.
RoslynAnalysisRunner has terminated.
Mono: successfully reloaded assembly
- Completed reload, in  0.556 seconds
Platform modules already initialized, skipping
Refreshing native plugins compatible for Editor in 0.39 ms, found 0 plugins.
Preloading 0 native plugins for Editor in 0.00 ms.
Unloading 1200 Unused Serialized files (Serialized files now loaded: 0)
System memory in use before: 153.6 MB.
System memory in use after: 153.7 MB.

Unloading 4 unused Assets to reduce memory usage. Loaded Objects now: 1750.
Total: 1.682400 ms (FindLiveObjects: 0.184700 ms CreateObjectMapping: 0.029300 ms MarkObjects: 1.456500 ms  DeleteObjects: 0.011100 ms)

========================================================================
Received Prepare
Registering precompiled user dll's ...
Registered in 0.000719 seconds.
Begin MonoManager ReloadAssembly
Native extension for WindowsStandalone target not found
Refreshing native plugins compatible for Editor in 0.39 ms, found 0 plugins.
Preloading 0 native plugins for Editor in 0.00 ms.
Invoked RoslynAnalysisRunner static constructor.
RoslynAnalysisRunner will not be running.
RoslynAnalysisRunner has terminated.
Mono: successfully reloaded assembly
- Completed reload, in  0.534 seconds
Platform modules already initialized, skipping
Refreshing native plugins compatible for Editor in 0.39 ms, found 0 plugins.
Preloading 0 native plugins for Editor in 0.00 ms.
Unloading 1200 Unused Serialized files (Serialized files now loaded: 0)
System memory in use before: 153.6 MB.
System memory in use after: 153.7 MB.

Unloading 4 unused Assets to reduce memory usage. Loaded Objects now: 1752.
Total: 2.156500 ms (FindLiveObjects: 0.244700 ms CreateObjectMapping: 0.045800 ms MarkObjects: 1.851700 ms  DeleteObjects: 0.013000 ms)

========================================================================
Received Prepare
Registering precompiled user dll's ...
Registered in 0.001180 seconds.
Begin MonoManager ReloadAssembly
Native extension for WindowsStandalone target not found
Refreshing native plugins compatible for Editor in 0.48 ms, found 0 plugins.
Preloading 0 native plugins for Editor in 0.00 ms.
Invoked RoslynAnalysisRunner static constructor.
RoslynAnalysisRunner will not be running.
RoslynAnalysisRunner has terminated.
Mono: successfully reloaded assembly
- Completed reload, in  0.865 seconds
Platform modules already initialized, skipping
Refreshing native plugins compatible for Editor in 0.50 ms, found 0 plugins.
Preloading 0 native plugins for Editor in 0.00 ms.
Unloading 1200 Unused Serialized files (Serialized files now loaded: 0)
System memory in use before: 153.6 MB.
System memory in use after: 153.7 MB.

Unloading 4 unused Assets to reduce memory usage. Loaded Objects now: 1754.
Total: 2.614200 ms (FindLiveObjects: 0.272600 ms CreateObjectMapping: 0.047400 ms MarkObjects: 2.273900 ms  DeleteObjects: 0.018500 ms)

========================================================================
Received Import Request.
  Time since last request: 296.290555 seconds.
  path: Assets/Resources/FragmentPrefabs/GreenTomb.prefab
  artifactKey: Guid(0932acac4e681a740b498f7b4041a590) Importer(815301076,1909f56bfc062723c751e8b465ee728b)
Start importing Assets/Resources/FragmentPrefabs/GreenTomb.prefab using Guid(0932acac4e681a740b498f7b4041a590) Importer(815301076,1909f56bfc062723c751e8b465ee728b)  -> (artifact id: '1dc6c02d18f8ca052ccfe5db7718a5ad') in 0.068231 seconds
  Import took 0.070780 seconds .

========================================================================
Received Import Request.
  Time since last request: 4.659760 seconds.
  path: Assets/Resources/FragmentPrefabs/GreenTomb.prefab
  artifactKey: Guid(0932acac4e681a740b498f7b4041a590) Importer(815301076,1909f56bfc062723c751e8b465ee728b)
Start importing Assets/Resources/FragmentPrefabs/GreenTomb.prefab using Guid(0932acac4e681a740b498f7b4041a590) Importer(815301076,1909f56bfc062723c751e8b465ee728b)  -> (artifact id: '9101fb3ba9589220a7b3fadac14a3793') in 0.013163 seconds
  Import took 0.015495 seconds .

========================================================================
Received Import Request.
  Time since last request: 5.832388 seconds.
  path: Assets/Resources/FragmentPrefabs/GreenTomb.prefab
  artifactKey: Guid(0932acac4e681a740b498f7b4041a590) Importer(815301076,1909f56bfc062723c751e8b465ee728b)
Start importing Assets/Resources/FragmentPrefabs/GreenTomb.prefab using Guid(0932acac4e681a740b498f7b4041a590) Importer(815301076,1909f56bfc062723c751e8b465ee728b)  -> (artifact id: '65b2c73e5ad9704f65c40ca10d11b950') in 0.013213 seconds
  Import took 0.015714 seconds .

========================================================================
Received Import Request.
  Time since last request: 6.651388 seconds.
  path: Assets/Resources/FragmentPrefabs/GreenTomb.prefab
  artifactKey: Guid(0932acac4e681a740b498f7b4041a590) Importer(815301076,1909f56bfc062723c751e8b465ee728b)
Start importing Assets/Resources/FragmentPrefabs/GreenTomb.prefab using Guid(0932acac4e681a740b498f7b4041a590) Importer(815301076,1909f56bfc062723c751e8b465ee728b)  -> (artifact id: 'ec24fa2862f725969317ff258068548d') in 0.012175 seconds
  Import took 0.014723 seconds .

========================================================================
Received Import Request.
  Time since last request: 3.824950 seconds.
  path: Assets/Resources/FragmentPrefabs/GreenTomb.prefab
  artifactKey: Guid(0932acac4e681a740b498f7b4041a590) Importer(815301076,1909f56bfc062723c751e8b465ee728b)
Start importing Assets/Resources/FragmentPrefabs/GreenTomb.prefab using Guid(0932acac4e681a740b498f7b4041a590) Importer(815301076,1909f56bfc062723c751e8b465ee728b)  -> (artifact id: '0308c572e6fc7bf1b366e5ae415d2396') in 0.017844 seconds
  Import took 0.020079 seconds .

========================================================================
Received Prepare
Registering precompiled user dll's ...
Registered in 0.000715 seconds.
Begin MonoManager ReloadAssembly
Native extension for WindowsStandalone target not found
Refreshing native plugins compatible for Editor in 0.40 ms, found 0 plugins.
Preloading 0 native plugins for Editor in 0.00 ms.
Invoked RoslynAnalysisRunner static constructor.
RoslynAnalysisRunner will not be running.
RoslynAnalysisRunner has terminated.
Mono: successfully reloaded assembly
- Completed reload, in  0.560 seconds
Platform modules already initialized, skipping
Refreshing native plugins compatible for Editor in 0.39 ms, found 0 plugins.
Preloading 0 native plugins for Editor in 0.00 ms.
Unloading 1200 Unused Serialized files (Serialized files now loaded: 0)
System memory in use before: 153.6 MB.
System memory in use after: 153.7 MB.

Unloading 4 unused Assets to reduce memory usage. Loaded Objects now: 1759.
Total: 1.616700 ms (FindLiveObjects: 0.174500 ms CreateObjectMapping: 0.041700 ms MarkObjects: 1.388700 ms  DeleteObjects: 0.010500 ms)

========================================================================
Received Prepare
Registering precompiled user dll's ...
Registered in 0.001164 seconds.
Begin MonoManager ReloadAssembly
Native extension for WindowsStandalone target not found
Refreshing native plugins compatible for Editor in 0.41 ms, found 0 plugins.
Preloading 0 native plugins for Editor in 0.00 ms.
Invoked RoslynAnalysisRunner static constructor.
RoslynAnalysisRunner will not be running.
RoslynAnalysisRunner has terminated.
Mono: successfully reloaded assembly
- Completed reload, in  0.556 seconds
Platform modules already initialized, skipping
Refreshing native plugins compatible for Editor in 0.39 ms, found 0 plugins.
Preloading 0 native plugins for Editor in 0.00 ms.
Unloading 1200 Unused Serialized files (Serialized files now loaded: 0)
System memory in use before: 153.6 MB.
System memory in use after: 153.7 MB.

Unloading 4 unused Assets to reduce memory usage. Loaded Objects now: 1761.
Total: 1.766000 ms (FindLiveObjects: 0.216400 ms CreateObjectMapping: 0.042100 ms MarkObjects: 1.493500 ms  DeleteObjects: 0.012500 ms)

========================================================================
Received Import Request.
  Time since last request: 33.090660 seconds.
  path: Assets/Resources/FragmentPrefabs/GreenTomb.prefab
  artifactKey: Guid(0932acac4e681a740b498f7b4041a590) Importer(815301076,1909f56bfc062723c751e8b465ee728b)
Start importing Assets/Resources/FragmentPrefabs/GreenTomb.prefab using Guid(0932acac4e681a740b498f7b4041a590) Importer(815301076,1909f56bfc062723c751e8b465ee728b)  -> (artifact id: '0dc73941c50cb6fe5113e563c3751971') in 0.045536 seconds
  Import took 0.047989 seconds .

========================================================================
Received Import Request.
  Time since last request: 2.918676 seconds.
  path: Assets/Resources/FragmentPrefabs/GreenTomb.prefab
  artifactKey: Guid(0932acac4e681a740b498f7b4041a590) Importer(815301076,1909f56bfc062723c751e8b465ee728b)
Start importing Assets/Resources/FragmentPrefabs/GreenTomb.prefab using Guid(0932acac4e681a740b498f7b4041a590) Importer(815301076,1909f56bfc062723c751e8b465ee728b)  -> (artifact id: '20aec2807d2ed24a1a9b4fffd3baa9f4') in 0.012829 seconds
  Import took 0.015237 seconds .

========================================================================
Received Prepare
Registering precompiled user dll's ...
Registered in 0.001045 seconds.
Begin MonoManager ReloadAssembly
Native extension for WindowsStandalone target not found
Refreshing native plugins compatible for Editor in 0.39 ms, found 0 plugins.
Preloading 0 native plugins for Editor in 0.00 ms.
Invoked RoslynAnalysisRunner static constructor.
RoslynAnalysisRunner will not be running.
RoslynAnalysisRunner has terminated.
Mono: successfully reloaded assembly
- Completed reload, in  0.544 seconds
Platform modules already initialized, skipping
Refreshing native plugins compatible for Editor in 0.42 ms, found 0 plugins.
Preloading 0 native plugins for Editor in 0.00 ms.
Unloading 1200 Unused Serialized files (Serialized files now loaded: 0)
System memory in use before: 153.6 MB.
System memory in use after: 153.7 MB.

Unloading 4 unused Assets to reduce memory usage. Loaded Objects now: 1764.
Total: 2.449100 ms (FindLiveObjects: 0.245200 ms CreateObjectMapping: 0.043300 ms MarkObjects: 2.145700 ms  DeleteObjects: 0.013700 ms)

AssetImportWorkerClient::OnTransportError - code=2 error=End of file
